0 info it worked if it ends with ok
1 verbose cli [ 'C:\\Program Files (x86)\\nodejs\\node.exe',
1 verbose cli   'C:\\Users\\event\\AppData\\Roaming\\npm\\node_modules\\npm\\bin\\npm-cli.js',
1 verbose cli   'start' ]
2 info using npm@4.1.2
3 info using node@v10.16.0
4 verbose run-script [ 'prestart', 'start', 'poststart' ]
5 info lifecycle IVC@1.0.0~prestart: IVC@1.0.0
6 silly lifecycle IVC@1.0.0~prestart: no script for prestart, continuing
7 info lifecycle IVC@1.0.0~start: IVC@1.0.0
8 verbose lifecycle IVC@1.0.0~start: unsafe-perm in lifecycle true
9 verbose lifecycle IVC@1.0.0~start: PATH: C:\Users\event\AppData\Roaming\npm\node_modules\npm\bin\node-gyp-bin;C:\Users\event\Desktop\code\IVC\node_modules\.bin;C:\ProgramData\DockerDesktop\version-bin;C:\Program Files\Docker\Docker\Resources\bin;C:\Program Files (x86)\Common Files\Intel\Shared Libraries\redist\intel64\compiler;C:\Program Files (x86)\Intel\iCLS Client\;C:\Program Files\Intel\iCLS Client\;C:\WINDOWS\system32;C:\WINDOWS;C:\WINDOWS\System32\Wbem;C:\WINDOWS\System32\WindowsPowerShell\v1.0\;C:\Program Files (x86)\Intel\Intel(R) Management Engine Components\DAL;C:\Program Files\Intel\Intel(R) Management Engine Components\DAL;C:\Program Files (x86)\Intel\Intel(R) Management Engine Components\IPT;C:\Program Files\Intel\Intel(R) Management Engine Components\IPT;C:\Program Files\Microsoft SQL Server\120\Tools\Binn\;C:\Program Files\Microsoft SQL Server\130\Tools\Binn\;C:\Program Files\Git\cmd;C:\Program Files (x86)\Windows Kits\10\Windows Performance Toolkit\;C:\Program Files\dotnet\;C:\Program Files\Anaconda3;C:\Program Files\Anaconda3\Scripts;C:\Program Files\Anaconda3\Library\bin;C:\HashiCorp\Vagrant\bin;C:\Program Files\Calibre2\;C:\ProgramData\chocolatey\bin;C:\Program Files\MATLAB\R2018a\bin;C:\Program Files (x86)\MiKTeX 2.9\miktex\bin\;C:\Program Files (x86)\LyX 2.2\Perl\bin;C:\WINDOWS\System32\OpenSSH\;C:\Program Files (x86)\nodejs\;C:\Program Files (x86)\Yarn\bin\;C:\Users\event\AppData\Local\Programs\Python\Python35-32\Scripts\;C:\Users\event\AppData\Local\Programs\Python\Python35-32\;C:\Program Files\Intel\WiFi\bin\;C:\Program Files\Common Files\Intel\WirelessCommon\;C:\Users\event\AppData\Local\Microsoft\WindowsApps;C:\Program Files (x86)\Microsoft VS Code\bin;C:\Users\event\AppData\Local\.meteor;;C:\Users\event\AppData\Local\Programs\Microsoft VS Code\bin;C:\Users\event\AppData\Roaming\npm;C:\Users\event\AppData\Local\Yarn\bin;C:\Users\event\AppData\Local\Programs\Fiddler
10 verbose lifecycle IVC@1.0.0~start: CWD: C:\Users\event\Desktop\code\IVC
11 silly lifecycle IVC@1.0.0~start: Args: [ '/d /s /c',
11 silly lifecycle   'node -r esm scripts/script.js && npx nodemon -r esm app.js' ]
12 silly lifecycle IVC@1.0.0~start: Returned: code: 1  signal: null
13 info lifecycle IVC@1.0.0~start: Failed to exec start script
14 verbose stack Error: IVC@1.0.0 start: `node -r esm scripts/script.js && npx nodemon -r esm app.js`
14 verbose stack Exit status 1
14 verbose stack     at EventEmitter.<anonymous> (C:\Users\event\AppData\Roaming\npm\node_modules\npm\lib\utils\lifecycle.js:279:16)
14 verbose stack     at EventEmitter.emit (events.js:198:13)
14 verbose stack     at ChildProcess.<anonymous> (C:\Users\event\AppData\Roaming\npm\node_modules\npm\lib\utils\spawn.js:40:14)
14 verbose stack     at ChildProcess.emit (events.js:198:13)
14 verbose stack     at maybeClose (internal/child_process.js:982:16)
14 verbose stack     at Process.ChildProcess._handle.onexit (internal/child_process.js:259:5)
15 verbose pkgid IVC@1.0.0
16 verbose cwd C:\Users\event\Desktop\code\IVC
17 error Windows_NT 10.0.18362
18 error argv "C:\\Program Files (x86)\\nodejs\\node.exe" "C:\\Users\\event\\AppData\\Roaming\\npm\\node_modules\\npm\\bin\\npm-cli.js" "start"
19 error node v10.16.0
20 error npm  v4.1.2
21 error code ELIFECYCLE
22 error IVC@1.0.0 start: `node -r esm scripts/script.js && npx nodemon -r esm app.js`
22 error Exit status 1
23 error Failed at the IVC@1.0.0 start script 'node -r esm scripts/script.js && npx nodemon -r esm app.js'.
23 error Make sure you have the latest version of node.js and npm installed.
23 error If you do, this is most likely a problem with the IVC package,
23 error not with npm itself.
23 error Tell the author that this fails on your system:
23 error     node -r esm scripts/script.js && npx nodemon -r esm app.js
23 error You can get information on how to open an issue for this project with:
23 error     npm bugs IVC
23 error Or if that isn't available, you can get their info via:
23 error     npm owner ls IVC
23 error There is likely additional logging output above.
24 verbose exit [ 1, true ]
